{"C:\\Users\\shaik\\OneDrive\\Desktop\\Gigo\\Gigo_Dapp\\Gigo\\projects\\backend\\src\\routes\\rides.ts": {"path":"C:\\Users\\shaik\\OneDrive\\Desktop\\Gigo\\Gigo_Dapp\\Gigo\\projects\\backend\\src\\routes\\rides.ts","statementMap":{"0":{"start":{"line":1,"column":0},"end":{"line":1,"column":30}},"1":{"start":{"line":2,"column":0},"end":{"line":2,"column":34}},"2":{"start":{"line":3,"column":0},"end":{"line":3,"column":30}},"3":{"start":{"line":4,"column":0},"end":{"line":4,"column":36}},"4":{"start":{"line":5,"column":0},"end":{"line":5,"column":59}},"5":{"start":{"line":6,"column":0},"end":{"line":6,"column":60}},"6":{"start":{"line":7,"column":0},"end":{"line":7,"column":80}},"7":{"start":{"line":9,"column":15},"end":{"line":9,"column":31}},"8":{"start":{"line":11,"column":22},"end":{"line":11,"column":87}},"9":{"start":{"line":12,"column":20},"end":{"line":12,"column":62}},"10":{"start":{"line":14,"column":26},"end":{"line":14,"column":227}},"11":{"start":{"line":15,"column":15},"end":{"line":15,"column":61}},"12":{"start":{"line":16,"column":22},"end":{"line":16,"column":70}},"13":{"start":{"line":19,"column":12},"end":{"line":19,"column":16}},"14":{"start":{"line":20,"column":15},"end":{"line":20,"column":46}},"15":{"start":{"line":21,"column":15},"end":{"line":21,"column":46}},"16":{"start":{"line":23,"column":4},"end":{"line":26,"column":29}},"17":{"start":{"line":27,"column":2},"end":{"line":27,"column":60}},"18":{"start":{"line":31,"column":22},"end":{"line":31,"column":41}},"19":{"start":{"line":32,"column":22},"end":{"line":32,"column":37}},"20":{"start":{"line":33,"column":2},"end":{"line":33,"column":39}},"21":{"start":{"line":34,"column":2},"end":{"line":34,"column":67}},"22":{"start":{"line":38,"column":12},"end":{"line":38,"column":53}},"23":{"start":{"line":39,"column":2},"end":{"line":39,"column":15}},"24":{"start":{"line":40,"column":2},"end":{"line":40,"column":39}},"25":{"start":{"line":43,"column":0},"end":{"line":50,"column":3}},"26":{"start":{"line":44,"column":2},"end":{"line":49,"column":3}},"27":{"start":{"line":45,"column":18},"end":{"line":45,"column":70}},"28":{"start":{"line":46,"column":4},"end":{"line":46,"column":20}},"29":{"start":{"line":48,"column":4},"end":{"line":48,"column":61}},"30":{"start":{"line":52,"column":0},"end":{"line":82,"column":3}},"31":{"start":{"line":53,"column":2},"end":{"line":81,"column":3}},"32":{"start":{"line":54,"column":55},"end":{"line":54,"column":64}},"33":{"start":{"line":55,"column":4},"end":{"line":57,"column":5}},"34":{"start":{"line":56,"column":6},"end":{"line":56,"column":68}},"35":{"start":{"line":59,"column":17},"end":{"line":59,"column":48}},"36":{"start":{"line":60,"column":17},"end":{"line":60,"column":48}},"37":{"start":{"line":61,"column":17},"end":{"line":61,"column":46}},"38":{"start":{"line":62,"column":17},"end":{"line":62,"column":46}},"39":{"start":{"line":64,"column":30},"end":{"line":64,"column":91}},"40":{"start":{"line":66,"column":25},"end":{"line":66,"column":70}},"41":{"start":{"line":67,"column":29},"end":{"line":67,"column":62}},"42":{"start":{"line":69,"column":28},"end":{"line":69,"column":31}},"43":{"start":{"line":70,"column":4},"end":{"line":71,"column":70}},"44":{"start":{"line":70,"column":38},"end":{"line":70,"column":62}},"45":{"start":{"line":71,"column":9},"end":{"line":71,"column":70}},"46":{"start":{"line":71,"column":46},"end":{"line":71,"column":70}},"47":{"start":{"line":73,"column":4},"end":{"line":77,"column":7}},"48":{"start":{"line":79,"column":4},"end":{"line":79,"column":50}},"49":{"start":{"line":80,"column":4},"end":{"line":80,"column":64}},"50":{"start":{"line":84,"column":0},"end":{"line":108,"column":3}},"51":{"start":{"line":85,"column":2},"end":{"line":107,"column":3}},"52":{"start":{"line":86,"column":99},"end":{"line":86,"column":107}},"53":{"start":{"line":89,"column":32},"end":{"line":89,"column":87}},"54":{"start":{"line":90,"column":30},"end":{"line":90,"column":103}},"55":{"start":{"line":92,"column":17},"end":{"line":102,"column":null}},"56":{"start":{"line":104,"column":4},"end":{"line":104,"column":38}},"57":{"start":{"line":106,"column":4},"end":{"line":106,"column":61}},"58":{"start":{"line":110,"column":0},"end":{"line":137,"column":3}},"59":{"start":{"line":111,"column":2},"end":{"line":136,"column":3}},"60":{"start":{"line":112,"column":53},"end":{"line":112,"column":61}},"61":{"start":{"line":113,"column":28},"end":{"line":113,"column":67}},"62":{"start":{"line":114,"column":4},"end":{"line":114,"column":54}},"63":{"start":{"line":114,"column":29},"end":{"line":114,"column":54}},"64":{"start":{"line":115,"column":4},"end":{"line":115,"column":78}},"65":{"start":{"line":115,"column":37},"end":{"line":115,"column":78}},"66":{"start":{"line":117,"column":4},"end":{"line":123,"column":5}},"67":{"start":{"line":118,"column":6},"end":{"line":118,"column":44}},"68":{"start":{"line":119,"column":27},"end":{"line":119,"column":57}},"69":{"start":{"line":120,"column":6},"end":{"line":122,"column":7}},"70":{"start":{"line":121,"column":8},"end":{"line":121,"column":139}},"71":{"start":{"line":126,"column":4},"end":{"line":126,"column":77}},"72":{"start":{"line":126,"column":37},"end":{"line":126,"column":77}},"73":{"start":{"line":128,"column":17},"end":{"line":131,"column":null}},"74":{"start":{"line":133,"column":4},"end":{"line":133,"column":38}},"75":{"start":{"line":135,"column":4},"end":{"line":135,"column":68}},"76":{"start":{"line":139,"column":0},"end":{"line":151,"column":3}},"77":{"start":{"line":140,"column":2},"end":{"line":150,"column":3}},"78":{"start":{"line":141,"column":28},"end":{"line":141,"column":36}},"79":{"start":{"line":142,"column":17},"end":{"line":145,"column":null}},"80":{"start":{"line":147,"column":4},"end":{"line":147,"column":38}},"81":{"start":{"line":149,"column":4},"end":{"line":149,"column":59}},"82":{"start":{"line":153,"column":0},"end":{"line":165,"column":3}},"83":{"start":{"line":154,"column":2},"end":{"line":164,"column":3}},"84":{"start":{"line":155,"column":25},"end":{"line":155,"column":33}},"85":{"start":{"line":156,"column":4},"end":{"line":160,"column":5}},"86":{"start":{"line":157,"column":6},"end":{"line":157,"column":42}},"87":{"start":{"line":159,"column":6},"end":{"line":159,"column":32}},"88":{"start":{"line":161,"column":4},"end":{"line":161,"column":32}},"89":{"start":{"line":163,"column":4},"end":{"line":163,"column":61}},"90":{"start":{"line":167,"column":0},"end":{"line":252,"column":3}},"91":{"start":{"line":168,"column":2},"end":{"line":251,"column":3}},"92":{"start":{"line":169,"column":47},"end":{"line":169,"column":55}},"93":{"start":{"line":170,"column":17},"end":{"line":170,"column":47}},"94":{"start":{"line":171,"column":4},"end":{"line":171,"column":72}},"95":{"start":{"line":171,"column":15},"end":{"line":171,"column":72}},"96":{"start":{"line":173,"column":22},"end":{"line":173,"column":55}},"97":{"start":{"line":175,"column":25},"end":{"line":175,"column":26}},"98":{"start":{"line":176,"column":23},"end":{"line":176,"column":24}},"99":{"start":{"line":178,"column":4},"end":{"line":186,"column":5}},"100":{"start":{"line":179,"column":32},"end":{"line":179,"column":101}},"101":{"start":{"line":180,"column":20},"end":{"line":180,"column":91}},"102":{"start":{"line":181,"column":6},"end":{"line":181,"column":44}},"103":{"start":{"line":182,"column":6},"end":{"line":182,"column":40}},"104":{"start":{"line":184,"column":6},"end":{"line":184,"column":33}},"105":{"start":{"line":185,"column":6},"end":{"line":185,"column":23}},"106":{"start":{"line":188,"column":4},"end":{"line":188,"column":96}},"107":{"start":{"line":190,"column":4},"end":{"line":190,"column":101}},"108":{"start":{"line":190,"column":28},"end":{"line":190,"column":101}},"109":{"start":{"line":192,"column":28},"end":{"line":192,"column":81}},"110":{"start":{"line":193,"column":28},"end":{"line":193,"column":73}},"111":{"start":{"line":194,"column":28},"end":{"line":194,"column":76}},"112":{"start":{"line":195,"column":22},"end":{"line":195,"column":86}},"113":{"start":{"line":197,"column":21},"end":{"line":197,"column":127}},"114":{"start":{"line":199,"column":16},"end":{"line":199,"column":55}},"115":{"start":{"line":200,"column":24},"end":{"line":200,"column":39}},"116":{"start":{"line":201,"column":4},"end":{"line":201,"column":69}},"117":{"start":{"line":201,"column":40},"end":{"line":201,"column":69}},"118":{"start":{"line":203,"column":4},"end":{"line":217,"column":7}},"119":{"start":{"line":220,"column":4},"end":{"line":229,"column":5}},"120":{"start":{"line":221,"column":6},"end":{"line":221,"column":49}},"121":{"start":{"line":223,"column":6},"end":{"line":227,"column":7}},"122":{"start":{"line":224,"column":8},"end":{"line":224,"column":90}},"123":{"start":{"line":225,"column":8},"end":{"line":225,"column":48}},"124":{"start":{"line":226,"column":8},"end":{"line":226,"column":135}},"125":{"start":{"line":228,"column":6},"end":{"line":228,"column":21}},"126":{"start":{"line":231,"column":4},"end":{"line":238,"column":7}},"127":{"start":{"line":240,"column":4},"end":{"line":246,"column":6}},"128":{"start":{"line":248,"column":4},"end":{"line":248,"column":104}},"129":{"start":{"line":250,"column":4},"end":{"line":250,"column":51}},"130":{"start":{"line":254,"column":0},"end":{"line":340,"column":3}},"131":{"start":{"line":255,"column":2},"end":{"line":339,"column":3}},"132":{"start":{"line":256,"column":55},"end":{"line":256,"column":63}},"133":{"start":{"line":257,"column":17},"end":{"line":257,"column":47}},"134":{"start":{"line":258,"column":4},"end":{"line":258,"column":72}},"135":{"start":{"line":258,"column":15},"end":{"line":258,"column":72}},"136":{"start":{"line":260,"column":22},"end":{"line":260,"column":55}},"137":{"start":{"line":262,"column":25},"end":{"line":262,"column":26}},"138":{"start":{"line":263,"column":23},"end":{"line":263,"column":24}},"139":{"start":{"line":265,"column":4},"end":{"line":273,"column":5}},"140":{"start":{"line":266,"column":32},"end":{"line":266,"column":101}},"141":{"start":{"line":267,"column":20},"end":{"line":267,"column":91}},"142":{"start":{"line":268,"column":6},"end":{"line":268,"column":44}},"143":{"start":{"line":269,"column":6},"end":{"line":269,"column":40}},"144":{"start":{"line":271,"column":6},"end":{"line":271,"column":33}},"145":{"start":{"line":272,"column":6},"end":{"line":272,"column":23}},"146":{"start":{"line":275,"column":4},"end":{"line":275,"column":96}},"147":{"start":{"line":277,"column":4},"end":{"line":277,"column":101}},"148":{"start":{"line":277,"column":28},"end":{"line":277,"column":101}},"149":{"start":{"line":280,"column":19},"end":{"line":280,"column":20}},"150":{"start":{"line":281,"column":24},"end":{"line":281,"column":127}},"151":{"start":{"line":281,"column":93},"end":{"line":281,"column":126}},"152":{"start":{"line":282,"column":4},"end":{"line":284,"column":5}},"153":{"start":{"line":283,"column":6},"end":{"line":283,"column":20}},"154":{"start":{"line":286,"column":28},"end":{"line":286,"column":81}},"155":{"start":{"line":287,"column":28},"end":{"line":287,"column":73}},"156":{"start":{"line":288,"column":28},"end":{"line":288,"column":76}},"157":{"start":{"line":289,"column":22},"end":{"line":289,"column":86}},"158":{"start":{"line":291,"column":21},"end":{"line":291,"column":125}},"159":{"start":{"line":293,"column":16},"end":{"line":293,"column":55}},"160":{"start":{"line":294,"column":24},"end":{"line":294,"column":39}},"161":{"start":{"line":295,"column":4},"end":{"line":295,"column":69}},"162":{"start":{"line":295,"column":40},"end":{"line":295,"column":69}},"163":{"start":{"line":297,"column":4},"end":{"line":311,"column":7}},"164":{"start":{"line":313,"column":19},"end":{"line":313,"column":52}},"165":{"start":{"line":315,"column":4},"end":{"line":322,"column":7}},"166":{"start":{"line":324,"column":4},"end":{"line":334,"column":6}},"167":{"start":{"line":336,"column":4},"end":{"line":336,"column":104}},"168":{"start":{"line":338,"column":4},"end":{"line":338,"column":51}},"169":{"start":{"line":342,"column":0},"end":{"line":365,"column":3}},"170":{"start":{"line":343,"column":2},"end":{"line":364,"column":3}},"171":{"start":{"line":344,"column":60},"end":{"line":344,"column":68}},"172":{"start":{"line":346,"column":4},"end":{"line":348,"column":5}},"173":{"start":{"line":347,"column":6},"end":{"line":347,"column":72}},"174":{"start":{"line":350,"column":17},"end":{"line":350,"column":47}},"175":{"start":{"line":351,"column":4},"end":{"line":351,"column":72}},"176":{"start":{"line":351,"column":15},"end":{"line":351,"column":72}},"177":{"start":{"line":352,"column":4},"end":{"line":352,"column":124}},"178":{"start":{"line":352,"column":40},"end":{"line":352,"column":124}},"179":{"start":{"line":355,"column":4},"end":{"line":358,"column":6}},"180":{"start":{"line":360,"column":4},"end":{"line":360,"column":32}},"181":{"start":{"line":363,"column":4},"end":{"line":363,"column":75}},"182":{"start":{"line":367,"column":0},"end":{"line":465,"column":3}},"183":{"start":{"line":368,"column":2},"end":{"line":464,"column":3}},"184":{"start":{"line":369,"column":23},"end":{"line":369,"column":31}},"185":{"start":{"line":371,"column":4},"end":{"line":373,"column":5}},"186":{"start":{"line":372,"column":6},"end":{"line":372,"column":72}},"187":{"start":{"line":375,"column":17},"end":{"line":375,"column":47}},"188":{"start":{"line":376,"column":4},"end":{"line":376,"column":72}},"189":{"start":{"line":376,"column":15},"end":{"line":376,"column":72}},"190":{"start":{"line":377,"column":4},"end":{"line":377,"column":130}},"191":{"start":{"line":377,"column":39},"end":{"line":377,"column":130}},"192":{"start":{"line":381,"column":4},"end":{"line":381,"column":126}},"193":{"start":{"line":381,"column":28},"end":{"line":381,"column":126}},"194":{"start":{"line":384,"column":30},"end":{"line":384,"column":113}},"195":{"start":{"line":385,"column":22},"end":{"line":385,"column":55}},"196":{"start":{"line":386,"column":24},"end":{"line":386,"column":104}},"197":{"start":{"line":388,"column":29},"end":{"line":388,"column":81}},"198":{"start":{"line":389,"column":26},"end":{"line":389,"column":69}},"199":{"start":{"line":390,"column":28},"end":{"line":390,"column":103}},"200":{"start":{"line":393,"column":28},"end":{"line":393,"column":69}},"201":{"start":{"line":394,"column":29},"end":{"line":394,"column":90}},"202":{"start":{"line":395,"column":25},"end":{"line":395,"column":55}},"203":{"start":{"line":396,"column":24},"end":{"line":396,"column":89}},"204":{"start":{"line":398,"column":4},"end":{"line":398,"column":102}},"205":{"start":{"line":400,"column":28},"end":{"line":400,"column":81}},"206":{"start":{"line":401,"column":28},"end":{"line":401,"column":73}},"207":{"start":{"line":402,"column":28},"end":{"line":402,"column":86}},"208":{"start":{"line":403,"column":22},"end":{"line":403,"column":86}},"209":{"start":{"line":405,"column":21},"end":{"line":405,"column":189}},"210":{"start":{"line":407,"column":16},"end":{"line":407,"column":55}},"211":{"start":{"line":408,"column":4},"end":{"line":422,"column":7}},"212":{"start":{"line":424,"column":4},"end":{"line":433,"column":5}},"213":{"start":{"line":425,"column":25},"end":{"line":431,"column":8}},"214":{"start":{"line":432,"column":6},"end":{"line":432,"column":114}},"215":{"start":{"line":435,"column":19},"end":{"line":435,"column":52}},"216":{"start":{"line":437,"column":4},"end":{"line":444,"column":7}},"217":{"start":{"line":446,"column":4},"end":{"line":458,"column":6}},"218":{"start":{"line":460,"column":4},"end":{"line":460,"column":80}},"219":{"start":{"line":463,"column":4},"end":{"line":463,"column":75}},"220":{"start":{"line":467,"column":0},"end":{"line":503,"column":3}},"221":{"start":{"line":468,"column":2},"end":{"line":502,"column":3}},"222":{"start":{"line":469,"column":23},"end":{"line":469,"column":31}},"223":{"start":{"line":470,"column":17},"end":{"line":470,"column":47}},"224":{"start":{"line":471,"column":4},"end":{"line":471,"column":60}},"225":{"start":{"line":471,"column":15},"end":{"line":471,"column":60}},"226":{"start":{"line":473,"column":4},"end":{"line":475,"column":5}},"227":{"start":{"line":474,"column":7},"end":{"line":474,"column":92}},"228":{"start":{"line":477,"column":4},"end":{"line":497,"column":5}},"229":{"start":{"line":478,"column":25},"end":{"line":478,"column":100}},"230":{"start":{"line":479,"column":29},"end":{"line":479,"column":75}},"231":{"start":{"line":480,"column":26},"end":{"line":480,"column":87}},"232":{"start":{"line":481,"column":24},"end":{"line":481,"column":52}},"233":{"start":{"line":483,"column":6},"end":{"line":494,"column":7}},"234":{"start":{"line":485,"column":8},"end":{"line":493,"column":9}},"235":{"start":{"line":486,"column":28},"end":{"line":486,"column":61}},"236":{"start":{"line":487,"column":10},"end":{"line":487,"column":81}},"237":{"start":{"line":489,"column":30},"end":{"line":489,"column":60}},"238":{"start":{"line":490,"column":10},"end":{"line":490,"column":103}},"239":{"start":{"line":492,"column":10},"end":{"line":492,"column":89}},"240":{"start":{"line":496,"column":6},"end":{"line":496,"column":92}},"241":{"start":{"line":499,"column":4},"end":{"line":499,"column":34}},"242":{"start":{"line":501,"column":4},"end":{"line":501,"column":49}},"243":{"start":{"line":505,"column":0},"end":{"line":524,"column":3}},"244":{"start":{"line":506,"column":2},"end":{"line":523,"column":3}},"245":{"start":{"line":507,"column":30},"end":{"line":507,"column":38}},"246":{"start":{"line":508,"column":17},"end":{"line":508,"column":47}},"247":{"start":{"line":509,"column":4},"end":{"line":509,"column":72}},"248":{"start":{"line":509,"column":15},"end":{"line":509,"column":72}},"249":{"start":{"line":511,"column":22},"end":{"line":511,"column":64}},"250":{"start":{"line":512,"column":16},"end":{"line":512,"column":26}},"251":{"start":{"line":514,"column":4},"end":{"line":514,"column":116}},"252":{"start":{"line":514,"column":42},"end":{"line":514,"column":81}},"253":{"start":{"line":514,"column":82},"end":{"line":514,"column":114}},"254":{"start":{"line":515,"column":4},"end":{"line":515,"column":94}},"255":{"start":{"line":515,"column":34},"end":{"line":515,"column":66}},"256":{"start":{"line":515,"column":67},"end":{"line":515,"column":92}},"257":{"start":{"line":516,"column":4},"end":{"line":516,"column":107}},"258":{"start":{"line":516,"column":39},"end":{"line":516,"column":75}},"259":{"start":{"line":516,"column":76},"end":{"line":516,"column":105}},"260":{"start":{"line":517,"column":4},"end":{"line":517,"column":118}},"261":{"start":{"line":517,"column":42},"end":{"line":517,"column":82}},"262":{"start":{"line":517,"column":83},"end":{"line":517,"column":116}},"263":{"start":{"line":519,"column":4},"end":{"line":519,"column":45}},"264":{"start":{"line":520,"column":4},"end":{"line":520,"column":32}},"265":{"start":{"line":522,"column":4},"end":{"line":522,"column":49}},"266":{"start":{"line":528,"column":2},"end":{"line":591,"column":3}},"267":{"start":{"line":529,"column":24},"end":{"line":529,"column":112}},"268":{"start":{"line":530,"column":4},"end":{"line":530,"column":57}},"269":{"start":{"line":530,"column":50},"end":{"line":530,"column":57}},"270":{"start":{"line":532,"column":4},"end":{"line":588,"column":5}},"271":{"start":{"line":534,"column":6},"end":{"line":541,"column":7}},"272":{"start":{"line":535,"column":30},"end":{"line":535,"column":93}},"273":{"start":{"line":536,"column":8},"end":{"line":540,"column":9}},"274":{"start":{"line":537,"column":10},"end":{"line":537,"column":100}},"275":{"start":{"line":538,"column":10},"end":{"line":538,"column":107}},"276":{"start":{"line":539,"column":10},"end":{"line":539,"column":19}},"277":{"start":{"line":544,"column":6},"end":{"line":556,"column":7}},"278":{"start":{"line":545,"column":25},"end":{"line":545,"column":88}},"279":{"start":{"line":546,"column":8},"end":{"line":555,"column":9}},"280":{"start":{"line":547,"column":10},"end":{"line":547,"column":76}},"281":{"start":{"line":548,"column":10},"end":{"line":552,"column":13}},"282":{"start":{"line":553,"column":10},"end":{"line":553,"column":105}},"283":{"start":{"line":554,"column":10},"end":{"line":554,"column":19}},"284":{"start":{"line":559,"column":6},"end":{"line":577,"column":7}},"285":{"start":{"line":560,"column":25},"end":{"line":560,"column":88}},"286":{"start":{"line":561,"column":8},"end":{"line":576,"column":9}},"287":{"start":{"line":562,"column":34},"end":{"line":562,"column":153}},"288":{"start":{"line":564,"column":10},"end":{"line":574,"column":11}},"289":{"start":{"line":565,"column":12},"end":{"line":565,"column":85}},"290":{"start":{"line":566,"column":30},"end":{"line":566,"column":63}},"291":{"start":{"line":567,"column":39},"end":{"line":567,"column":50}},"292":{"start":{"line":568,"column":28},"end":{"line":568,"column":91}},"293":{"start":{"line":569,"column":30},"end":{"line":569,"column":51}},"294":{"start":{"line":570,"column":12},"end":{"line":570,"column":95}},"295":{"start":{"line":572,"column":12},"end":{"line":572,"column":120}},"296":{"start":{"line":573,"column":12},"end":{"line":573,"column":125}},"297":{"start":{"line":575,"column":10},"end":{"line":575,"column":19}},"298":{"start":{"line":580,"column":6},"end":{"line":587,"column":7}},"299":{"start":{"line":581,"column":33},"end":{"line":581,"column":96}},"300":{"start":{"line":582,"column":10},"end":{"line":586,"column":11}},"301":{"start":{"line":583,"column":13},"end":{"line":583,"column":95}},"302":{"start":{"line":584,"column":13},"end":{"line":584,"column":113}},"303":{"start":{"line":585,"column":13},"end":{"line":585,"column":22}},"304":{"start":{"line":590,"column":4},"end":{"line":590,"column":50}},"305":{"start":{"line":595,"column":2},"end":{"line":595,"column":33}},"306":{"start":{"line":595,"column":26},"end":{"line":595,"column":33}},"307":{"start":{"line":596,"column":2},"end":{"line":658,"column":3}},"308":{"start":{"line":597,"column":28},"end":{"line":597,"column":81}},"309":{"start":{"line":598,"column":28},"end":{"line":598,"column":73}},"310":{"start":{"line":599,"column":28},"end":{"line":599,"column":76}},"311":{"start":{"line":600,"column":22},"end":{"line":600,"column":86}},"312":{"start":{"line":602,"column":4},"end":{"line":602,"column":120}},"313":{"start":{"line":604,"column":21},"end":{"line":604,"column":136}},"314":{"start":{"line":606,"column":16},"end":{"line":606,"column":55}},"315":{"start":{"line":607,"column":24},"end":{"line":607,"column":39}},"316":{"start":{"line":608,"column":4},"end":{"line":608,"column":49}},"317":{"start":{"line":608,"column":20},"end":{"line":608,"column":49}},"318":{"start":{"line":610,"column":4},"end":{"line":624,"column":7}},"319":{"start":{"line":627,"column":4},"end":{"line":636,"column":5}},"320":{"start":{"line":628,"column":6},"end":{"line":628,"column":49}},"321":{"start":{"line":630,"column":6},"end":{"line":634,"column":7}},"322":{"start":{"line":631,"column":8},"end":{"line":631,"column":95}},"323":{"start":{"line":632,"column":8},"end":{"line":632,"column":61}},"324":{"start":{"line":633,"column":8},"end":{"line":633,"column":15}},"325":{"start":{"line":635,"column":6},"end":{"line":635,"column":21}},"326":{"start":{"line":638,"column":4},"end":{"line":645,"column":7}},"327":{"start":{"line":647,"column":4},"end":{"line":653,"column":6}},"328":{"start":{"line":655,"column":4},"end":{"line":655,"column":97}},"329":{"start":{"line":657,"column":4},"end":{"line":657,"column":73}},"330":{"start":{"line":661,"column":0},"end":{"line":661,"column":48}},"331":{"start":{"line":663,"column":0},"end":{"line":663,"column":22}}},"fnMap":{"0":{"name":"haversineKm","decl":{"start":{"line":18,"column":9},"end":{"line":18,"column":20}},"loc":{"start":{"line":18,"column":75},"end":{"line":28,"column":1}}},"1":{"name":"getBoxKey","decl":{"start":{"line":30,"column":9},"end":{"line":30,"column":18}},"loc":{"start":{"line":30,"column":49},"end":{"line":35,"column":1}}},"2":{"name":"updateReputation","decl":{"start":{"line":37,"column":9},"end":{"line":37,"column":25}},"loc":{"start":{"line":37,"column":71},"end":{"line":41,"column":1}}},"3":{"name":"(anonymous_4)","decl":{"start":{"line":43,"column":16},"end":{"line":43,"column":21}},"loc":{"start":{"line":43,"column":35},"end":{"line":50,"column":1}}},"4":{"name":"(anonymous_5)","decl":{"start":{"line":52,"column":30},"end":{"line":52,"column":35}},"loc":{"start":{"line":52,"column":49},"end":{"line":82,"column":1}}},"5":{"name":"(anonymous_6)","decl":{"start":{"line":84,"column":23},"end":{"line":84,"column":28}},"loc":{"start":{"line":84,"column":42},"end":{"line":108,"column":1}}},"6":{"name":"(anonymous_7)","decl":{"start":{"line":110,"column":30},"end":{"line":110,"column":35}},"loc":{"start":{"line":110,"column":49},"end":{"line":137,"column":1}}},"7":{"name":"(anonymous_8)","decl":{"start":{"line":139,"column":26},"end":{"line":139,"column":31}},"loc":{"start":{"line":139,"column":45},"end":{"line":151,"column":1}}},"8":{"name":"(anonymous_9)","decl":{"start":{"line":153,"column":22},"end":{"line":153,"column":27}},"loc":{"start":{"line":153,"column":41},"end":{"line":165,"column":1}}},"9":{"name":"(anonymous_10)","decl":{"start":{"line":167,"column":32},"end":{"line":167,"column":37}},"loc":{"start":{"line":167,"column":51},"end":{"line":252,"column":1}}},"10":{"name":"(anonymous_11)","decl":{"start":{"line":254,"column":30},"end":{"line":254,"column":35}},"loc":{"start":{"line":254,"column":49},"end":{"line":340,"column":1}}},"11":{"name":"(anonymous_12)","decl":{"start":{"line":281,"column":88},"end":{"line":281,"column":89}},"loc":{"start":{"line":281,"column":93},"end":{"line":281,"column":126}}},"12":{"name":"(anonymous_13)","decl":{"start":{"line":342,"column":31},"end":{"line":342,"column":36}},"loc":{"start":{"line":342,"column":50},"end":{"line":365,"column":1}}},"13":{"name":"(anonymous_14)","decl":{"start":{"line":367,"column":25},"end":{"line":367,"column":30}},"loc":{"start":{"line":367,"column":44},"end":{"line":465,"column":1}}},"14":{"name":"(anonymous_15)","decl":{"start":{"line":467,"column":30},"end":{"line":467,"column":35}},"loc":{"start":{"line":467,"column":49},"end":{"line":503,"column":1}}},"15":{"name":"(anonymous_16)","decl":{"start":{"line":505,"column":31},"end":{"line":505,"column":36}},"loc":{"start":{"line":505,"column":50},"end":{"line":524,"column":1}}},"16":{"name":"performAutomaticTimeoutScan","decl":{"start":{"line":527,"column":15},"end":{"line":527,"column":42}},"loc":{"start":{"line":527,"column":42},"end":{"line":592,"column":1}}},"17":{"name":"executeAutomaticSettlement","decl":{"start":{"line":594,"column":15},"end":{"line":594,"column":41}},"loc":{"start":{"line":594,"column":113},"end":{"line":659,"column":1}}}},"branchMap":{"0":{"loc":{"start":{"line":11,"column":22},"end":{"line":11,"column":87}},"type":"binary-expr","locations":[{"start":{"line":11,"column":22},"end":{"line":11,"column":47}},{"start":{"line":11,"column":51},"end":{"line":11,"column":87}}]},"1":{"loc":{"start":{"line":14,"column":26},"end":{"line":14,"column":227}},"type":"binary-expr","locations":[{"start":{"line":14,"column":26},"end":{"line":14,"column":55}},{"start":{"line":14,"column":59},"end":{"line":14,"column":227}}]},"2":{"loc":{"start":{"line":15,"column":22},"end":{"line":15,"column":60}},"type":"binary-expr","locations":[{"start":{"line":15,"column":22},"end":{"line":15,"column":45}},{"start":{"line":15,"column":49},"end":{"line":15,"column":60}}]},"3":{"loc":{"start":{"line":16,"column":29},"end":{"line":16,"column":69}},"type":"binary-expr","locations":[{"start":{"line":16,"column":29},"end":{"line":16,"column":54}},{"start":{"line":16,"column":58},"end":{"line":16,"column":69}}]},"4":{"loc":{"start":{"line":38,"column":12},"end":{"line":38,"column":53}},"type":"cond-expr","locations":[{"start":{"line":38,"column":39},"end":{"line":38,"column":49}},{"start":{"line":38,"column":52},"end":{"line":38,"column":53}}]},"5":{"loc":{"start":{"line":55,"column":4},"end":{"line":57,"column":5}},"type":"if","locations":[{"start":{"line":55,"column":4},"end":{"line":57,"column":5}},{"start":{},"end":{}}]},"6":{"loc":{"start":{"line":55,"column":8},"end":{"line":55,"column":56}},"type":"binary-expr","locations":[{"start":{"line":55,"column":8},"end":{"line":55,"column":18}},{"start":{"line":55,"column":22},"end":{"line":55,"column":32}},{"start":{"line":55,"column":36},"end":{"line":55,"column":44}},{"start":{"line":55,"column":48},"end":{"line":55,"column":56}}]},"7":{"loc":{"start":{"line":70,"column":4},"end":{"line":71,"column":70}},"type":"if","locations":[{"start":{"line":70,"column":4},"end":{"line":71,"column":70}},{"start":{"line":71,"column":9},"end":{"line":71,"column":70}}]},"8":{"loc":{"start":{"line":71,"column":9},"end":{"line":71,"column":70}},"type":"if","locations":[{"start":{"line":71,"column":9},"end":{"line":71,"column":70}},{"start":{},"end":{}}]},"9":{"loc":{"start":{"line":96,"column":16},"end":{"line":96,"column":37}},"type":"binary-expr","locations":[{"start":{"line":96,"column":16},"end":{"line":96,"column":22}},{"start":{"line":96,"column":26},"end":{"line":96,"column":37}}]},"10":{"loc":{"start":{"line":97,"column":23},"end":{"line":97,"column":73}},"type":"cond-expr","locations":[{"start":{"line":97,"column":53},"end":{"line":97,"column":66}},{"start":{"line":97,"column":69},"end":{"line":97,"column":73}}]},"11":{"loc":{"start":{"line":114,"column":4},"end":{"line":114,"column":54}},"type":"if","locations":[{"start":{"line":114,"column":4},"end":{"line":114,"column":54}},{"start":{},"end":{}}]},"12":{"loc":{"start":{"line":115,"column":4},"end":{"line":115,"column":78}},"type":"if","locations":[{"start":{"line":115,"column":4},"end":{"line":115,"column":78}},{"start":{},"end":{}}]},"13":{"loc":{"start":{"line":117,"column":4},"end":{"line":123,"column":5}},"type":"if","locations":[{"start":{"line":117,"column":4},"end":{"line":123,"column":5}},{"start":{},"end":{}}]},"14":{"loc":{"start":{"line":120,"column":6},"end":{"line":122,"column":7}},"type":"if","locations":[{"start":{"line":120,"column":6},"end":{"line":122,"column":7}},{"start":{},"end":{}}]},"15":{"loc":{"start":{"line":120,"column":10},"end":{"line":120,"column":54}},"type":"binary-expr","locations":[{"start":{"line":120,"column":10},"end":{"line":120,"column":22}},{"start":{"line":120,"column":26},"end":{"line":120,"column":54}}]},"16":{"loc":{"start":{"line":126,"column":4},"end":{"line":126,"column":77}},"type":"if","locations":[{"start":{"line":126,"column":4},"end":{"line":126,"column":77}},{"start":{},"end":{}}]},"17":{"loc":{"start":{"line":156,"column":4},"end":{"line":160,"column":5}},"type":"if","locations":[{"start":{"line":156,"column":4},"end":{"line":160,"column":5}},{"start":{"line":158,"column":11},"end":{"line":160,"column":5}}]},"18":{"loc":{"start":{"line":171,"column":4},"end":{"line":171,"column":72}},"type":"if","locations":[{"start":{"line":171,"column":4},"end":{"line":171,"column":72}},{"start":{},"end":{}}]},"19":{"loc":{"start":{"line":178,"column":4},"end":{"line":186,"column":5}},"type":"if","locations":[{"start":{"line":178,"column":4},"end":{"line":186,"column":5}},{"start":{"line":183,"column":11},"end":{"line":186,"column":5}}]},"20":{"loc":{"start":{"line":178,"column":8},"end":{"line":178,"column":82}},"type":"binary-expr","locations":[{"start":{"line":178,"column":8},"end":{"line":178,"column":38}},{"start":{"line":178,"column":42},"end":{"line":178,"column":60}},{"start":{"line":178,"column":64},"end":{"line":178,"column":82}}]},"21":{"loc":{"start":{"line":190,"column":4},"end":{"line":190,"column":101}},"type":"if","locations":[{"start":{"line":190,"column":4},"end":{"line":190,"column":101}},{"start":{},"end":{}}]},"22":{"loc":{"start":{"line":201,"column":4},"end":{"line":201,"column":69}},"type":"if","locations":[{"start":{"line":201,"column":4},"end":{"line":201,"column":69}},{"start":{},"end":{}}]},"23":{"loc":{"start":{"line":201,"column":8},"end":{"line":201,"column":38}},"type":"binary-expr","locations":[{"start":{"line":201,"column":8},"end":{"line":201,"column":18}},{"start":{"line":201,"column":22},"end":{"line":201,"column":38}}]},"24":{"loc":{"start":{"line":223,"column":6},"end":{"line":227,"column":7}},"type":"if","locations":[{"start":{"line":223,"column":6},"end":{"line":227,"column":7}},{"start":{},"end":{}}]},"25":{"loc":{"start":{"line":223,"column":10},"end":{"line":223,"column":65}},"type":"binary-expr","locations":[{"start":{"line":223,"column":10},"end":{"line":223,"column":26}},{"start":{"line":223,"column":30},"end":{"line":223,"column":65}}]},"26":{"loc":{"start":{"line":258,"column":4},"end":{"line":258,"column":72}},"type":"if","locations":[{"start":{"line":258,"column":4},"end":{"line":258,"column":72}},{"start":{},"end":{}}]},"27":{"loc":{"start":{"line":265,"column":4},"end":{"line":273,"column":5}},"type":"if","locations":[{"start":{"line":265,"column":4},"end":{"line":273,"column":5}},{"start":{"line":270,"column":11},"end":{"line":273,"column":5}}]},"28":{"loc":{"start":{"line":265,"column":8},"end":{"line":265,"column":82}},"type":"binary-expr","locations":[{"start":{"line":265,"column":8},"end":{"line":265,"column":38}},{"start":{"line":265,"column":42},"end":{"line":265,"column":60}},{"start":{"line":265,"column":64},"end":{"line":265,"column":82}}]},"29":{"loc":{"start":{"line":277,"column":4},"end":{"line":277,"column":101}},"type":"if","locations":[{"start":{"line":277,"column":4},"end":{"line":277,"column":101}},{"start":{},"end":{}}]},"30":{"loc":{"start":{"line":282,"column":4},"end":{"line":284,"column":5}},"type":"if","locations":[{"start":{"line":282,"column":4},"end":{"line":284,"column":5}},{"start":{},"end":{}}]},"31":{"loc":{"start":{"line":295,"column":4},"end":{"line":295,"column":69}},"type":"if","locations":[{"start":{"line":295,"column":4},"end":{"line":295,"column":69}},{"start":{},"end":{}}]},"32":{"loc":{"start":{"line":295,"column":8},"end":{"line":295,"column":38}},"type":"binary-expr","locations":[{"start":{"line":295,"column":8},"end":{"line":295,"column":18}},{"start":{"line":295,"column":22},"end":{"line":295,"column":38}}]},"33":{"loc":{"start":{"line":346,"column":4},"end":{"line":348,"column":5}},"type":"if","locations":[{"start":{"line":346,"column":4},"end":{"line":348,"column":5}},{"start":{},"end":{}}]},"34":{"loc":{"start":{"line":346,"column":8},"end":{"line":346,"column":33}},"type":"binary-expr","locations":[{"start":{"line":346,"column":8},"end":{"line":346,"column":15}},{"start":{"line":346,"column":19},"end":{"line":346,"column":33}}]},"35":{"loc":{"start":{"line":351,"column":4},"end":{"line":351,"column":72}},"type":"if","locations":[{"start":{"line":351,"column":4},"end":{"line":351,"column":72}},{"start":{},"end":{}}]},"36":{"loc":{"start":{"line":352,"column":4},"end":{"line":352,"column":124}},"type":"if","locations":[{"start":{"line":352,"column":4},"end":{"line":352,"column":124}},{"start":{},"end":{}}]},"37":{"loc":{"start":{"line":363,"column":34},"end":{"line":363,"column":71}},"type":"binary-expr","locations":[{"start":{"line":363,"column":34},"end":{"line":363,"column":47}},{"start":{"line":363,"column":51},"end":{"line":363,"column":71}}]},"38":{"loc":{"start":{"line":371,"column":4},"end":{"line":373,"column":5}},"type":"if","locations":[{"start":{"line":371,"column":4},"end":{"line":373,"column":5}},{"start":{},"end":{}}]},"39":{"loc":{"start":{"line":376,"column":4},"end":{"line":376,"column":72}},"type":"if","locations":[{"start":{"line":376,"column":4},"end":{"line":376,"column":72}},{"start":{},"end":{}}]},"40":{"loc":{"start":{"line":377,"column":4},"end":{"line":377,"column":130}},"type":"if","locations":[{"start":{"line":377,"column":4},"end":{"line":377,"column":130}},{"start":{},"end":{}}]},"41":{"loc":{"start":{"line":381,"column":4},"end":{"line":381,"column":126}},"type":"if","locations":[{"start":{"line":381,"column":4},"end":{"line":381,"column":126}},{"start":{},"end":{}}]},"42":{"loc":{"start":{"line":389,"column":27},"end":{"line":389,"column":56}},"type":"binary-expr","locations":[{"start":{"line":389,"column":27},"end":{"line":389,"column":51}},{"start":{"line":389,"column":55},"end":{"line":389,"column":56}}]},"43":{"loc":{"start":{"line":394,"column":29},"end":{"line":394,"column":90}},"type":"cond-expr","locations":[{"start":{"line":394,"column":61},"end":{"line":394,"column":70}},{"start":{"line":394,"column":73},"end":{"line":394,"column":90}}]},"44":{"loc":{"start":{"line":396,"column":24},"end":{"line":396,"column":89}},"type":"cond-expr","locations":[{"start":{"line":396,"column":56},"end":{"line":396,"column":85}},{"start":{"line":396,"column":88},"end":{"line":396,"column":89}}]},"45":{"loc":{"start":{"line":424,"column":4},"end":{"line":433,"column":5}},"type":"if","locations":[{"start":{"line":424,"column":4},"end":{"line":433,"column":5}},{"start":{},"end":{}}]},"46":{"loc":{"start":{"line":463,"column":34},"end":{"line":463,"column":71}},"type":"binary-expr","locations":[{"start":{"line":463,"column":34},"end":{"line":463,"column":47}},{"start":{"line":463,"column":51},"end":{"line":463,"column":71}}]},"47":{"loc":{"start":{"line":471,"column":4},"end":{"line":471,"column":60}},"type":"if","locations":[{"start":{"line":471,"column":4},"end":{"line":471,"column":60}},{"start":{},"end":{}}]},"48":{"loc":{"start":{"line":473,"column":4},"end":{"line":475,"column":5}},"type":"if","locations":[{"start":{"line":473,"column":4},"end":{"line":475,"column":5}},{"start":{},"end":{}}]},"49":{"loc":{"start":{"line":473,"column":8},"end":{"line":473,"column":71}},"type":"binary-expr","locations":[{"start":{"line":473,"column":8},"end":{"line":473,"column":35}},{"start":{"line":473,"column":39},"end":{"line":473,"column":71}}]},"50":{"loc":{"start":{"line":477,"column":4},"end":{"line":497,"column":5}},"type":"if","locations":[{"start":{"line":477,"column":4},"end":{"line":497,"column":5}},{"start":{},"end":{}}]},"51":{"loc":{"start":{"line":477,"column":8},"end":{"line":477,"column":60}},"type":"binary-expr","locations":[{"start":{"line":477,"column":8},"end":{"line":477,"column":38}},{"start":{"line":477,"column":42},"end":{"line":477,"column":60}}]},"52":{"loc":{"start":{"line":483,"column":6},"end":{"line":494,"column":7}},"type":"if","locations":[{"start":{"line":483,"column":6},"end":{"line":494,"column":7}},{"start":{},"end":{}}]},"53":{"loc":{"start":{"line":496,"column":59},"end":{"line":496,"column":88}},"type":"cond-expr","locations":[{"start":{"line":496,"column":75},"end":{"line":496,"column":84}},{"start":{"line":496,"column":87},"end":{"line":496,"column":88}}]},"54":{"loc":{"start":{"line":509,"column":4},"end":{"line":509,"column":72}},"type":"if","locations":[{"start":{"line":509,"column":4},"end":{"line":509,"column":72}},{"start":{},"end":{}}]},"55":{"loc":{"start":{"line":514,"column":4},"end":{"line":514,"column":116}},"type":"if","locations":[{"start":{"line":514,"column":4},"end":{"line":514,"column":116}},{"start":{},"end":{}}]},"56":{"loc":{"start":{"line":515,"column":4},"end":{"line":515,"column":94}},"type":"if","locations":[{"start":{"line":515,"column":4},"end":{"line":515,"column":94}},{"start":{},"end":{}}]},"57":{"loc":{"start":{"line":516,"column":4},"end":{"line":516,"column":107}},"type":"if","locations":[{"start":{"line":516,"column":4},"end":{"line":516,"column":107}},{"start":{},"end":{}}]},"58":{"loc":{"start":{"line":517,"column":4},"end":{"line":517,"column":118}},"type":"if","locations":[{"start":{"line":517,"column":4},"end":{"line":517,"column":118}},{"start":{},"end":{}}]},"59":{"loc":{"start":{"line":530,"column":4},"end":{"line":530,"column":57}},"type":"if","locations":[{"start":{"line":530,"column":4},"end":{"line":530,"column":57}},{"start":{},"end":{}}]},"60":{"loc":{"start":{"line":530,"column":8},"end":{"line":530,"column":48}},"type":"binary-expr","locations":[{"start":{"line":530,"column":8},"end":{"line":530,"column":20}},{"start":{"line":530,"column":24},"end":{"line":530,"column":48}}]},"61":{"loc":{"start":{"line":534,"column":6},"end":{"line":541,"column":7}},"type":"if","locations":[{"start":{"line":534,"column":6},"end":{"line":541,"column":7}},{"start":{},"end":{}}]},"62":{"loc":{"start":{"line":534,"column":10},"end":{"line":534,"column":67}},"type":"binary-expr","locations":[{"start":{"line":534,"column":10},"end":{"line":534,"column":30}},{"start":{"line":534,"column":34},"end":{"line":534,"column":67}}]},"63":{"loc":{"start":{"line":536,"column":8},"end":{"line":540,"column":9}},"type":"if","locations":[{"start":{"line":536,"column":8},"end":{"line":540,"column":9}},{"start":{},"end":{}}]},"64":{"loc":{"start":{"line":544,"column":6},"end":{"line":556,"column":7}},"type":"if","locations":[{"start":{"line":544,"column":6},"end":{"line":556,"column":7}},{"start":{},"end":{}}]},"65":{"loc":{"start":{"line":544,"column":10},"end":{"line":544,"column":75}},"type":"binary-expr","locations":[{"start":{"line":544,"column":10},"end":{"line":544,"column":37}},{"start":{"line":544,"column":41},"end":{"line":544,"column":51}},{"start":{"line":544,"column":55},"end":{"line":544,"column":75}}]},"66":{"loc":{"start":{"line":546,"column":8},"end":{"line":555,"column":9}},"type":"if","locations":[{"start":{"line":546,"column":8},"end":{"line":555,"column":9}},{"start":{},"end":{}}]},"67":{"loc":{"start":{"line":559,"column":6},"end":{"line":577,"column":7}},"type":"if","locations":[{"start":{"line":559,"column":6},"end":{"line":577,"column":7}},{"start":{},"end":{}}]},"68":{"loc":{"start":{"line":559,"column":10},"end":{"line":559,"column":87}},"type":"binary-expr","locations":[{"start":{"line":559,"column":10},"end":{"line":559,"column":42}},{"start":{"line":559,"column":46},"end":{"line":559,"column":66}},{"start":{"line":559,"column":70},"end":{"line":559,"column":87}}]},"69":{"loc":{"start":{"line":561,"column":8},"end":{"line":576,"column":9}},"type":"if","locations":[{"start":{"line":561,"column":8},"end":{"line":576,"column":9}},{"start":{},"end":{}}]},"70":{"loc":{"start":{"line":562,"column":34},"end":{"line":562,"column":153}},"type":"binary-expr","locations":[{"start":{"line":562,"column":34},"end":{"line":562,"column":63}},{"start":{"line":562,"column":67},"end":{"line":562,"column":89}},{"start":{"line":562,"column":93},"end":{"line":562,"column":119}},{"start":{"line":562,"column":123},"end":{"line":562,"column":153}}]},"71":{"loc":{"start":{"line":564,"column":10},"end":{"line":574,"column":11}},"type":"if","locations":[{"start":{"line":564,"column":10},"end":{"line":574,"column":11}},{"start":{"line":571,"column":17},"end":{"line":574,"column":11}}]},"72":{"loc":{"start":{"line":568,"column":28},"end":{"line":568,"column":91}},"type":"cond-expr","locations":[{"start":{"line":568,"column":61},"end":{"line":568,"column":70}},{"start":{"line":568,"column":73},"end":{"line":568,"column":91}}]},"73":{"loc":{"start":{"line":580,"column":6},"end":{"line":587,"column":7}},"type":"if","locations":[{"start":{"line":580,"column":6},"end":{"line":587,"column":7}},{"start":{},"end":{}}]},"74":{"loc":{"start":{"line":580,"column":10},"end":{"line":580,"column":67}},"type":"binary-expr","locations":[{"start":{"line":580,"column":10},"end":{"line":580,"column":43}},{"start":{"line":580,"column":47},"end":{"line":580,"column":67}}]},"75":{"loc":{"start":{"line":582,"column":10},"end":{"line":586,"column":11}},"type":"if","locations":[{"start":{"line":582,"column":10},"end":{"line":586,"column":11}},{"start":{},"end":{}}]},"76":{"loc":{"start":{"line":595,"column":2},"end":{"line":595,"column":33}},"type":"if","locations":[{"start":{"line":595,"column":2},"end":{"line":595,"column":33}},{"start":{},"end":{}}]},"77":{"loc":{"start":{"line":608,"column":4},"end":{"line":608,"column":49}},"type":"if","locations":[{"start":{"line":608,"column":4},"end":{"line":608,"column":49}},{"start":{},"end":{}}]},"78":{"loc":{"start":{"line":630,"column":6},"end":{"line":634,"column":7}},"type":"if","locations":[{"start":{"line":630,"column":6},"end":{"line":634,"column":7}},{"start":{},"end":{}}]},"79":{"loc":{"start":{"line":630,"column":10},"end":{"line":630,"column":65}},"type":"binary-expr","locations":[{"start":{"line":630,"column":10},"end":{"line":630,"column":26}},{"start":{"line":630,"column":30},"end":{"line":630,"column":65}}]}},"s":{"0":1,"1":1,"2":1,"3":1,"4":1,"5":1,"6":1,"7":1,"8":1,"9":1,"10":1,"11":1,"12":1,"13":1,"14":1,"15":1,"16":1,"17":1,"18":9,"19":9,"20":9,"21":9,"22":3,"23":3,"24":3,"25":1,"26":0,"27":0,"28":0,"29":0,"30":1,"31":0,"32":0,"33":0,"34":0,"35":0,"36":0,"37":0,"38":0,"39":0,"40":0,"41":0,"42":0,"43":0,"44":0,"45":0,"46":0,"47":0,"48":0,"49":0,"50":1,"51":1,"52":1,"53":1,"54":1,"55":1,"56":1,"57":0,"58":1,"59":2,"60":2,"61":2,"62":2,"63":1,"64":2,"65":0,"66":2,"67":1,"68":1,"69":1,"70":1,"71":2,"72":1,"73":2,"74":2,"75":0,"76":1,"77":1,"78":1,"79":1,"80":1,"81":0,"82":1,"83":0,"84":0,"85":0,"86":0,"87":0,"88":0,"89":0,"90":1,"91":0,"92":0,"93":0,"94":0,"95":0,"96":0,"97":0,"98":0,"99":0,"100":0,"101":0,"102":0,"103":0,"104":0,"105":0,"106":0,"107":0,"108":0,"109":0,"110":0,"111":0,"112":0,"113":0,"114":0,"115":0,"116":0,"117":0,"118":0,"119":0,"120":0,"121":0,"122":0,"123":0,"124":0,"125":0,"126":0,"127":0,"128":0,"129":0,"130":1,"131":1,"132":1,"133":1,"134":1,"135":0,"136":1,"137":1,"138":1,"139":1,"140":0,"141":0,"142":0,"143":0,"144":1,"145":1,"146":1,"147":1,"148":0,"149":1,"150":1,"151":1,"152":1,"153":0,"154":1,"155":1,"156":1,"157":1,"158":1,"159":1,"160":1,"161":1,"162":0,"163":1,"164":1,"165":1,"166":1,"167":1,"168":0,"169":1,"170":1,"171":1,"172":1,"173":0,"174":1,"175":1,"176":0,"177":1,"178":0,"179":1,"180":1,"181":0,"182":1,"183":2,"184":2,"185":2,"186":0,"187":2,"188":2,"189":0,"190":2,"191":0,"192":2,"193":0,"194":2,"195":2,"196":2,"197":2,"198":2,"199":2,"200":2,"201":2,"202":2,"203":2,"204":2,"205":2,"206":2,"207":2,"208":2,"209":2,"210":2,"211":2,"212":2,"213":0,"214":0,"215":2,"216":2,"217":2,"218":2,"219":0,"220":1,"221":0,"222":0,"223":0,"224":0,"225":0,"226":0,"227":0,"228":0,"229":0,"230":0,"231":0,"232":0,"233":0,"234":0,"235":0,"236":0,"237":0,"238":0,"239":0,"240":0,"241":0,"242":0,"243":1,"244":2,"245":2,"246":2,"247":2,"248":0,"249":2,"250":2,"251":2,"252":0,"253":0,"254":2,"255":1,"256":1,"257":2,"258":1,"259":1,"260":2,"261":0,"262":0,"263":2,"264":2,"265":0,"266":0,"267":0,"268":0,"269":0,"270":0,"271":0,"272":0,"273":0,"274":0,"275":0,"276":0,"277":0,"278":0,"279":0,"280":0,"281":0,"282":0,"283":0,"284":0,"285":0,"286":0,"287":0,"288":0,"289":0,"290":0,"291":0,"292":0,"293":0,"294":0,"295":0,"296":0,"297":0,"298":0,"299":0,"300":0,"301":0,"302":0,"303":0,"304":0,"305":0,"306":0,"307":0,"308":0,"309":0,"310":0,"311":0,"312":0,"313":0,"314":0,"315":0,"316":0,"317":0,"318":0,"319":0,"320":0,"321":0,"322":0,"323":0,"324":0,"325":0,"326":0,"327":0,"328":0,"329":0,"330":1,"331":1},"f":{"0":1,"1":9,"2":3,"3":0,"4":0,"5":1,"6":2,"7":1,"8":0,"9":0,"10":1,"11":1,"12":1,"13":2,"14":0,"15":2,"16":0,"17":0},"b":{"0":[1,0],"1":[1,0],"2":[1,0],"3":[1,0],"4":[1,2],"5":[0,0],"6":[0,0,0,0],"7":[0,0],"8":[0,0],"9":[1,0],"10":[0,1],"11":[1,1],"12":[0,2],"13":[1,1],"14":[1,0],"15":[1,1],"16":[1,1],"17":[0,0],"18":[0,0],"19":[0,0],"20":[0,0,0],"21":[0,0],"22":[0,0],"23":[0,0],"24":[0,0],"25":[0,0],"26":[0,1],"27":[0,1],"28":[1,0,0],"29":[0,1],"30":[0,1],"31":[0,1],"32":[1,0],"33":[0,1],"34":[1,1],"35":[0,1],"36":[0,1],"37":[0,0],"38":[0,2],"39":[0,2],"40":[0,2],"41":[0,2],"42":[2,0],"43":[0,2],"44":[0,2],"45":[0,2],"46":[0,0],"47":[0,0],"48":[0,0],"49":[0,0],"50":[0,0],"51":[0,0],"52":[0,0],"53":[0,0],"54":[0,2],"55":[0,2],"56":[1,1],"57":[1,1],"58":[0,2],"59":[0,0],"60":[0,0],"61":[0,0],"62":[0,0],"63":[0,0],"64":[0,0],"65":[0,0,0],"66":[0,0],"67":[0,0],"68":[0,0,0],"69":[0,0],"70":[0,0,0,0],"71":[0,0],"72":[0,0],"73":[0,0],"74":[0,0],"75":[0,0],"76":[0,0],"77":[0,0],"78":[0,0],"79":[0,0]}}
,"C:\\Users\\shaik\\OneDrive\\Desktop\\Gigo\\Gigo_Dapp\\Gigo\\projects\\backend\\src\\services\\settlement.ts": {"path":"C:\\Users\\shaik\\OneDrive\\Desktop\\Gigo\\Gigo_Dapp\\Gigo\\projects\\backend\\src\\services\\settlement.ts","statementMap":{"0":{"start":{"line":2,"column":0},"end":{"line":2,"column":28}},"1":{"start":{"line":3,"column":0},"end":{"line":3,"column":31}},"2":{"start":{"line":5,"column":29},"end":{"line":5,"column":36}},"3":{"start":{"line":6,"column":34},"end":{"line":6,"column":47}},"4":{"start":{"line":7,"column":36},"end":{"line":7,"column":60}},"5":{"start":{"line":9,"column":38},"end":{"line":9,"column":52}},"6":{"start":{"line":10,"column":40},"end":{"line":10,"column":66}},"7":{"start":{"line":11,"column":36},"end":{"line":11,"column":61}},"8":{"start":{"line":13,"column":24},"end":{"line":13,"column":57}},"9":{"start":{"line":22,"column":8},"end":{"line":45,"column":9}},"10":{"start":{"line":23,"column":24},"end":{"line":23,"column":107}},"11":{"start":{"line":25,"column":29},"end":{"line":25,"column":45}},"12":{"start":{"line":26,"column":12},"end":{"line":26,"column":41}},"13":{"start":{"line":26,"column":30},"end":{"line":26,"column":41}},"14":{"start":{"line":27,"column":25},"end":{"line":27,"column":46}},"15":{"start":{"line":28,"column":30},"end":{"line":28,"column":80}},"16":{"start":{"line":29,"column":30},"end":{"line":29,"column":58}},"17":{"start":{"line":31,"column":29},"end":{"line":31,"column":32}},"18":{"start":{"line":32,"column":12},"end":{"line":38,"column":13}},"19":{"start":{"line":33,"column":16},"end":{"line":33,"column":33}},"20":{"start":{"line":34,"column":19},"end":{"line":38,"column":13}},"21":{"start":{"line":35,"column":16},"end":{"line":35,"column":33}},"22":{"start":{"line":36,"column":19},"end":{"line":38,"column":13}},"23":{"start":{"line":37,"column":16},"end":{"line":37,"column":33}},"24":{"start":{"line":41,"column":12},"end":{"line":41,"column":60}},"25":{"start":{"line":43,"column":12},"end":{"line":43,"column":132}},"26":{"start":{"line":44,"column":12},"end":{"line":44,"column":23}},"27":{"start":{"line":53,"column":8},"end":{"line":53,"column":57}},"28":{"start":{"line":53,"column":48},"end":{"line":53,"column":57}},"29":{"start":{"line":54,"column":27},"end":{"line":54,"column":78}},"30":{"start":{"line":55,"column":8},"end":{"line":55,"column":62}},"31":{"start":{"line":55,"column":53},"end":{"line":55,"column":62}},"32":{"start":{"line":57,"column":35},"end":{"line":57,"column":73}},"33":{"start":{"line":58,"column":32},"end":{"line":58,"column":75}},"34":{"start":{"line":59,"column":8},"end":{"line":59,"column":61}},"35":{"start":{"line":67,"column":24},"end":{"line":67,"column":62}},"36":{"start":{"line":68,"column":8},"end":{"line":68,"column":63}},"37":{"start":{"line":68,"column":54},"end":{"line":68,"column":63}},"38":{"start":{"line":70,"column":32},"end":{"line":70,"column":71}},"39":{"start":{"line":71,"column":32},"end":{"line":71,"column":72}},"40":{"start":{"line":72,"column":20},"end":{"line":72,"column":69}},"41":{"start":{"line":74,"column":8},"end":{"line":74,"column":58}},"42":{"start":{"line":82,"column":8},"end":{"line":82,"column":54}},"43":{"start":{"line":82,"column":43},"end":{"line":82,"column":54}},"44":{"start":{"line":83,"column":8},"end":{"line":83,"column":48}},"45":{"start":{"line":83,"column":37},"end":{"line":83,"column":48}},"46":{"start":{"line":85,"column":25},"end":{"line":85,"column":71}},"47":{"start":{"line":86,"column":8},"end":{"line":86,"column":52}},"48":{"start":{"line":93,"column":18},"end":{"line":93,"column":22}},"49":{"start":{"line":94,"column":21},"end":{"line":94,"column":52}},"50":{"start":{"line":95,"column":21},"end":{"line":95,"column":52}},"51":{"start":{"line":96,"column":18},"end":{"line":96,"column":169}},"52":{"start":{"line":97,"column":8},"end":{"line":97,"column":66}},"53":{"start":{"line":101,"column":18},"end":{"line":101,"column":42}},"54":{"start":{"line":102,"column":8},"end":{"line":104,"column":9}},"55":{"start":{"line":103,"column":12},"end":{"line":103,"column":99}},"56":{"start":{"line":105,"column":8},"end":{"line":105,"column":38}},"57":{"start":{"line":105,"column":30},"end":{"line":105,"column":38}},"58":{"start":{"line":107,"column":25},"end":{"line":107,"column":73}},"59":{"start":{"line":109,"column":26},"end":{"line":109,"column":59}},"60":{"start":{"line":111,"column":29},"end":{"line":111,"column":61}},"61":{"start":{"line":112,"column":31},"end":{"line":112,"column":55}},"62":{"start":{"line":114,"column":8},"end":{"line":114,"column":58}},"63":{"start":{"line":121,"column":8},"end":{"line":123,"column":9}},"64":{"start":{"line":122,"column":12},"end":{"line":122,"column":83}},"65":{"start":{"line":124,"column":8},"end":{"line":126,"column":9}},"66":{"start":{"line":125,"column":12},"end":{"line":125,"column":57}},"67":{"start":{"line":127,"column":8},"end":{"line":129,"column":9}},"68":{"start":{"line":128,"column":12},"end":{"line":128,"column":65}},"69":{"start":{"line":130,"column":8},"end":{"line":132,"column":9}},"70":{"start":{"line":131,"column":12},"end":{"line":131,"column":127}},"71":{"start":{"line":148,"column":24},"end":{"line":162,"column":10}},"72":{"start":{"line":164,"column":21},"end":{"line":164,"column":94}},"73":{"start":{"line":165,"column":8},"end":{"line":165,"column":33}},"74":{"start":{"line":15,"column":0},"end":{"line":15,"column":13}}},"fnMap":{"0":{"name":"(anonymous_1)","decl":{"start":{"line":21,"column":4},"end":{"line":21,"column":10}},"loc":{"start":{"line":21,"column":67},"end":{"line":46,"column":5}}},"1":{"name":"(anonymous_2)","decl":{"start":{"line":52,"column":4},"end":{"line":52,"column":10}},"loc":{"start":{"line":52,"column":98},"end":{"line":60,"column":5}}},"2":{"name":"(anonymous_3)","decl":{"start":{"line":66,"column":4},"end":{"line":66,"column":10}},"loc":{"start":{"line":66,"column":89},"end":{"line":75,"column":5}}},"3":{"name":"(anonymous_4)","decl":{"start":{"line":81,"column":4},"end":{"line":81,"column":10}},"loc":{"start":{"line":81,"column":90},"end":{"line":87,"column":5}}},"4":{"name":"(anonymous_5)","decl":{"start":{"line":92,"column":4},"end":{"line":92,"column":10}},"loc":{"start":{"line":92,"column":77},"end":{"line":98,"column":5}}},"5":{"name":"(anonymous_6)","decl":{"start":{"line":100,"column":4},"end":{"line":100,"column":10}},"loc":{"start":{"line":100,"column":80},"end":{"line":115,"column":5}}},"6":{"name":"(anonymous_7)","decl":{"start":{"line":120,"column":4},"end":{"line":120,"column":10}},"loc":{"start":{"line":120,"column":114},"end":{"line":133,"column":5}}},"7":{"name":"(anonymous_8)","decl":{"start":{"line":138,"column":4},"end":{"line":138,"column":10}},"loc":{"start":{"line":146,"column":39},"end":{"line":166,"column":5}}}},"branchMap":{"0":{"loc":{"start":{"line":13,"column":24},"end":{"line":13,"column":57}},"type":"binary-expr","locations":[{"start":{"line":13,"column":24},"end":{"line":13,"column":51}},{"start":{"line":13,"column":55},"end":{"line":13,"column":57}}]},"1":{"loc":{"start":{"line":26,"column":12},"end":{"line":26,"column":41}},"type":"if","locations":[{"start":{"line":26,"column":12},"end":{"line":26,"column":41}},{"start":{},"end":{}}]},"2":{"loc":{"start":{"line":28,"column":30},"end":{"line":28,"column":80}},"type":"binary-expr","locations":[{"start":{"line":28,"column":30},"end":{"line":28,"column":74}},{"start":{"line":28,"column":78},"end":{"line":28,"column":80}}]},"3":{"loc":{"start":{"line":29,"column":30},"end":{"line":29,"column":58}},"type":"binary-expr","locations":[{"start":{"line":29,"column":30},"end":{"line":29,"column":53}},{"start":{"line":29,"column":57},"end":{"line":29,"column":58}}]},"4":{"loc":{"start":{"line":32,"column":12},"end":{"line":38,"column":13}},"type":"if","locations":[{"start":{"line":32,"column":12},"end":{"line":38,"column":13}},{"start":{"line":34,"column":19},"end":{"line":38,"column":13}}]},"5":{"loc":{"start":{"line":32,"column":16},"end":{"line":32,"column":96}},"type":"binary-expr","locations":[{"start":{"line":32,"column":16},"end":{"line":32,"column":43}},{"start":{"line":32,"column":47},"end":{"line":32,"column":78}},{"start":{"line":32,"column":82},"end":{"line":32,"column":96}}]},"6":{"loc":{"start":{"line":34,"column":19},"end":{"line":38,"column":13}},"type":"if","locations":[{"start":{"line":34,"column":19},"end":{"line":38,"column":13}},{"start":{"line":36,"column":19},"end":{"line":38,"column":13}}]},"7":{"loc":{"start":{"line":34,"column":23},"end":{"line":34,"column":72}},"type":"binary-expr","locations":[{"start":{"line":34,"column":23},"end":{"line":34,"column":55}},{"start":{"line":34,"column":59},"end":{"line":34,"column":72}}]},"8":{"loc":{"start":{"line":36,"column":19},"end":{"line":38,"column":13}},"type":"if","locations":[{"start":{"line":36,"column":19},"end":{"line":38,"column":13}},{"start":{},"end":{}}]},"9":{"loc":{"start":{"line":36,"column":23},"end":{"line":36,"column":82}},"type":"binary-expr","locations":[{"start":{"line":36,"column":23},"end":{"line":36,"column":49}},{"start":{"line":36,"column":53},"end":{"line":36,"column":82}}]},"10":{"loc":{"start":{"line":53,"column":8},"end":{"line":53,"column":57}},"type":"if","locations":[{"start":{"line":53,"column":8},"end":{"line":53,"column":57}},{"start":{},"end":{}}]},"11":{"loc":{"start":{"line":53,"column":12},"end":{"line":53,"column":46}},"type":"binary-expr","locations":[{"start":{"line":53,"column":12},"end":{"line":53,"column":28}},{"start":{"line":53,"column":32},"end":{"line":53,"column":46}}]},"12":{"loc":{"start":{"line":55,"column":8},"end":{"line":55,"column":62}},"type":"if","locations":[{"start":{"line":55,"column":8},"end":{"line":55,"column":62}},{"start":{},"end":{}}]},"13":{"loc":{"start":{"line":68,"column":8},"end":{"line":68,"column":63}},"type":"if","locations":[{"start":{"line":68,"column":8},"end":{"line":68,"column":63}},{"start":{},"end":{}}]},"14":{"loc":{"start":{"line":82,"column":8},"end":{"line":82,"column":54}},"type":"if","locations":[{"start":{"line":82,"column":8},"end":{"line":82,"column":54}},{"start":{},"end":{}}]},"15":{"loc":{"start":{"line":83,"column":8},"end":{"line":83,"column":48}},"type":"if","locations":[{"start":{"line":83,"column":8},"end":{"line":83,"column":48}},{"start":{},"end":{}}]},"16":{"loc":{"start":{"line":102,"column":8},"end":{"line":104,"column":9}},"type":"if","locations":[{"start":{"line":102,"column":8},"end":{"line":104,"column":9}},{"start":{},"end":{}}]},"17":{"loc":{"start":{"line":102,"column":12},"end":{"line":102,"column":44}},"type":"binary-expr","locations":[{"start":{"line":102,"column":12},"end":{"line":102,"column":16}},{"start":{"line":102,"column":20},"end":{"line":102,"column":31}},{"start":{"line":102,"column":35},"end":{"line":102,"column":44}}]},"18":{"loc":{"start":{"line":105,"column":8},"end":{"line":105,"column":38}},"type":"if","locations":[{"start":{"line":105,"column":8},"end":{"line":105,"column":38}},{"start":{},"end":{}}]},"19":{"loc":{"start":{"line":105,"column":12},"end":{"line":105,"column":28}},"type":"binary-expr","locations":[{"start":{"line":105,"column":12},"end":{"line":105,"column":16}},{"start":{"line":105,"column":20},"end":{"line":105,"column":28}}]},"20":{"loc":{"start":{"line":121,"column":8},"end":{"line":123,"column":9}},"type":"if","locations":[{"start":{"line":121,"column":8},"end":{"line":123,"column":9}},{"start":{},"end":{}}]},"21":{"loc":{"start":{"line":124,"column":8},"end":{"line":126,"column":9}},"type":"if","locations":[{"start":{"line":124,"column":8},"end":{"line":126,"column":9}},{"start":{},"end":{}}]},"22":{"loc":{"start":{"line":124,"column":12},"end":{"line":124,"column":101}},"type":"binary-expr","locations":[{"start":{"line":124,"column":12},"end":{"line":124,"column":39}},{"start":{"line":124,"column":43},"end":{"line":124,"column":70}},{"start":{"line":124,"column":74},"end":{"line":124,"column":101}}]},"23":{"loc":{"start":{"line":127,"column":8},"end":{"line":129,"column":9}},"type":"if","locations":[{"start":{"line":127,"column":8},"end":{"line":129,"column":9}},{"start":{},"end":{}}]},"24":{"loc":{"start":{"line":127,"column":12},"end":{"line":127,"column":50}},"type":"binary-expr","locations":[{"start":{"line":127,"column":12},"end":{"line":127,"column":28}},{"start":{"line":127,"column":32},"end":{"line":127,"column":50}}]},"25":{"loc":{"start":{"line":130,"column":8},"end":{"line":132,"column":9}},"type":"if","locations":[{"start":{"line":130,"column":8},"end":{"line":132,"column":9}},{"start":{},"end":{}}]},"26":{"loc":{"start":{"line":146,"column":8},"end":{"line":146,"column":39}},"type":"default-arg","locations":[{"start":{"line":146,"column":37},"end":{"line":146,"column":39}}]},"27":{"loc":{"start":{"line":151,"column":20},"end":{"line":151,"column":36}},"type":"binary-expr","locations":[{"start":{"line":151,"column":20},"end":{"line":151,"column":30}},{"start":{"line":151,"column":34},"end":{"line":151,"column":36}}]},"28":{"loc":{"start":{"line":152,"column":22},"end":{"line":152,"column":68}},"type":"binary-expr","locations":[{"start":{"line":152,"column":22},"end":{"line":152,"column":45}},{"start":{"line":152,"column":49},"end":{"line":152,"column":68}}]}},"s":{"0":2,"1":2,"2":2,"3":2,"4":2,"5":2,"6":2,"7":2,"8":2,"9":6,"10":6,"11":6,"12":6,"13":6,"14":0,"15":0,"16":0,"17":0,"18":0,"19":0,"20":0,"21":0,"22":0,"23":0,"24":0,"25":0,"26":0,"27":3,"28":0,"29":3,"30":3,"31":3,"32":0,"33":0,"34":0,"35":2,"36":2,"37":2,"38":0,"39":0,"40":0,"41":0,"42":5,"43":0,"44":5,"45":0,"46":5,"47":5,"48":0,"49":0,"50":0,"51":0,"52":0,"53":5,"54":5,"55":0,"56":5,"57":0,"58":5,"59":5,"60":5,"61":5,"62":5,"63":8,"64":1,"65":7,"66":1,"67":6,"68":2,"69":4,"70":1,"71":13,"72":13,"73":13,"74":2},"f":{"0":6,"1":3,"2":2,"3":5,"4":0,"5":5,"6":8,"7":13},"b":{"0":[2,1],"1":[6,0],"2":[0,0],"3":[0,0],"4":[0,0],"5":[0,0,0],"6":[0,0],"7":[0,0],"8":[0,0],"9":[0,0],"10":[0,3],"11":[3,3],"12":[3,0],"13":[2,0],"14":[0,5],"15":[0,5],"16":[0,5],"17":[5,0,0],"18":[0,5],"19":[5,5],"20":[1,7],"21":[1,6],"22":[7,7,7],"23":[2,4],"24":[6,5],"25":[1,3],"26":[11],"27":[13,1],"28":[13,13]}}
}
