TN:
SF:src\routes\rides.ts
FN:18,haversineKm
FN:30,getBoxKey
FN:37,updateReputation
FN:43,(anonymous_4)
FN:52,(anonymous_5)
FN:84,(anonymous_6)
FN:110,(anonymous_7)
FN:139,(anonymous_8)
FN:153,(anonymous_9)
FN:167,(anonymous_10)
FN:254,(anonymous_11)
FN:281,(anonymous_12)
FN:342,(anonymous_13)
FN:367,(anonymous_14)
FN:467,(anonymous_15)
FN:505,(anonymous_16)
FN:527,performAutomaticTimeoutScan
FN:594,executeAutomaticSettlement
FNF:18
FNH:11
FNDA:1,haversineKm
FNDA:9,getBoxKey
FNDA:3,updateReputation
FNDA:0,(anonymous_4)
FNDA:0,(anonymous_5)
FNDA:1,(anonymous_6)
FNDA:2,(anonymous_7)
FNDA:1,(anonymous_8)
FNDA:0,(anonymous_9)
FNDA:0,(anonymous_10)
FNDA:1,(anonymous_11)
FNDA:1,(anonymous_12)
FNDA:1,(anonymous_13)
FNDA:2,(anonymous_14)
FNDA:0,(anonymous_15)
FNDA:2,(anonymous_16)
FNDA:0,performAutomaticTimeoutScan
FNDA:0,executeAutomaticSettlement
DA:1,1
DA:2,1
DA:3,1
DA:4,1
DA:5,1
DA:6,1
DA:7,1
DA:9,1
DA:11,1
DA:12,1
DA:14,1
DA:15,1
DA:16,1
DA:19,1
DA:20,1
DA:21,1
DA:23,1
DA:27,1
DA:31,9
DA:32,9
DA:33,9
DA:34,9
DA:38,3
DA:39,3
DA:40,3
DA:43,1
DA:44,0
DA:45,0
DA:46,0
DA:48,0
DA:52,1
DA:53,0
DA:54,0
DA:55,0
DA:56,0
DA:59,0
DA:60,0
DA:61,0
DA:62,0
DA:64,0
DA:66,0
DA:67,0
DA:69,0
DA:70,0
DA:71,0
DA:73,0
DA:79,0
DA:80,0
DA:84,1
DA:85,1
DA:86,1
DA:89,1
DA:90,1
DA:92,1
DA:104,1
DA:106,0
DA:110,1
DA:111,2
DA:112,2
DA:113,2
DA:114,2
DA:115,2
DA:117,2
DA:118,1
DA:119,1
DA:120,1
DA:121,1
DA:126,2
DA:128,2
DA:133,2
DA:135,0
DA:139,1
DA:140,1
DA:141,1
DA:142,1
DA:147,1
DA:149,0
DA:153,1
DA:154,0
DA:155,0
DA:156,0
DA:157,0
DA:159,0
DA:161,0
DA:163,0
DA:167,1
DA:168,0
DA:169,0
DA:170,0
DA:171,0
DA:173,0
DA:175,0
DA:176,0
DA:178,0
DA:179,0
DA:180,0
DA:181,0
DA:182,0
DA:184,0
DA:185,0
DA:188,0
DA:190,0
DA:192,0
DA:193,0
DA:194,0
DA:195,0
DA:197,0
DA:199,0
DA:200,0
DA:201,0
DA:203,0
DA:220,0
DA:221,0
DA:223,0
DA:224,0
DA:225,0
DA:226,0
DA:228,0
DA:231,0
DA:240,0
DA:248,0
DA:250,0
DA:254,1
DA:255,1
DA:256,1
DA:257,1
DA:258,1
DA:260,1
DA:262,1
DA:263,1
DA:265,1
DA:266,0
DA:267,0
DA:268,0
DA:269,0
DA:271,1
DA:272,1
DA:275,1
DA:277,1
DA:280,1
DA:281,1
DA:282,1
DA:283,0
DA:286,1
DA:287,1
DA:288,1
DA:289,1
DA:291,1
DA:293,1
DA:294,1
DA:295,1
DA:297,1
DA:313,1
DA:315,1
DA:324,1
DA:336,1
DA:338,0
DA:342,1
DA:343,1
DA:344,1
DA:346,1
DA:347,0
DA:350,1
DA:351,1
DA:352,1
DA:355,1
DA:360,1
DA:363,0
DA:367,1
DA:368,2
DA:369,2
DA:371,2
DA:372,0
DA:375,2
DA:376,2
DA:377,2
DA:381,2
DA:384,2
DA:385,2
DA:386,2
DA:388,2
DA:389,2
DA:390,2
DA:393,2
DA:394,2
DA:395,2
DA:396,2
DA:398,2
DA:400,2
DA:401,2
DA:402,2
DA:403,2
DA:405,2
DA:407,2
DA:408,2
DA:424,2
DA:425,0
DA:432,0
DA:435,2
DA:437,2
DA:446,2
DA:460,2
DA:463,0
DA:467,1
DA:468,0
DA:469,0
DA:470,0
DA:471,0
DA:473,0
DA:474,0
DA:477,0
DA:478,0
DA:479,0
DA:480,0
DA:481,0
DA:483,0
DA:485,0
DA:486,0
DA:487,0
DA:489,0
DA:490,0
DA:492,0
DA:496,0
DA:499,0
DA:501,0
DA:505,1
DA:506,2
DA:507,2
DA:508,2
DA:509,2
DA:511,2
DA:512,2
DA:514,2
DA:515,2
DA:516,2
DA:517,2
DA:519,2
DA:520,2
DA:522,0
DA:528,0
DA:529,0
DA:530,0
DA:532,0
DA:534,0
DA:535,0
DA:536,0
DA:537,0
DA:538,0
DA:539,0
DA:544,0
DA:545,0
DA:546,0
DA:547,0
DA:548,0
DA:553,0
DA:554,0
DA:559,0
DA:560,0
DA:561,0
DA:562,0
DA:564,0
DA:565,0
DA:566,0
DA:567,0
DA:568,0
DA:569,0
DA:570,0
DA:572,0
DA:573,0
DA:575,0
DA:580,0
DA:581,0
DA:582,0
DA:583,0
DA:584,0
DA:585,0
DA:590,0
DA:595,0
DA:596,0
DA:597,0
DA:598,0
DA:599,0
DA:600,0
DA:602,0
DA:604,0
DA:606,0
DA:607,0
DA:608,0
DA:610,0
DA:627,0
DA:628,0
DA:630,0
DA:631,0
DA:632,0
DA:633,0
DA:635,0
DA:638,0
DA:647,0
DA:655,0
DA:657,0
DA:661,1
DA:663,1
LF:302
LH:140
BRDA:11,0,0,1
BRDA:11,0,1,0
BRDA:14,1,0,1
BRDA:14,1,1,0
BRDA:15,2,0,1
BRDA:15,2,1,0
BRDA:16,3,0,1
BRDA:16,3,1,0
BRDA:38,4,0,1
BRDA:38,4,1,2
BRDA:55,5,0,0
BRDA:55,5,1,0
BRDA:55,6,0,0
BRDA:55,6,1,0
BRDA:55,6,2,0
BRDA:55,6,3,0
BRDA:70,7,0,0
BRDA:70,7,1,0
BRDA:71,8,0,0
BRDA:71,8,1,0
BRDA:96,9,0,1
BRDA:96,9,1,0
BRDA:97,10,0,0
BRDA:97,10,1,1
BRDA:114,11,0,1
BRDA:114,11,1,1
BRDA:115,12,0,0
BRDA:115,12,1,2
BRDA:117,13,0,1
BRDA:117,13,1,1
BRDA:120,14,0,1
BRDA:120,14,1,0
BRDA:120,15,0,1
BRDA:120,15,1,1
BRDA:126,16,0,1
BRDA:126,16,1,1
BRDA:156,17,0,0
BRDA:156,17,1,0
BRDA:171,18,0,0
BRDA:171,18,1,0
BRDA:178,19,0,0
BRDA:178,19,1,0
BRDA:178,20,0,0
BRDA:178,20,1,0
BRDA:178,20,2,0
BRDA:190,21,0,0
BRDA:190,21,1,0
BRDA:201,22,0,0
BRDA:201,22,1,0
BRDA:201,23,0,0
BRDA:201,23,1,0
BRDA:223,24,0,0
BRDA:223,24,1,0
BRDA:223,25,0,0
BRDA:223,25,1,0
BRDA:258,26,0,0
BRDA:258,26,1,1
BRDA:265,27,0,0
BRDA:265,27,1,1
BRDA:265,28,0,1
BRDA:265,28,1,0
BRDA:265,28,2,0
BRDA:277,29,0,0
BRDA:277,29,1,1
BRDA:282,30,0,0
BRDA:282,30,1,1
BRDA:295,31,0,0
BRDA:295,31,1,1
BRDA:295,32,0,1
BRDA:295,32,1,0
BRDA:346,33,0,0
BRDA:346,33,1,1
BRDA:346,34,0,1
BRDA:346,34,1,1
BRDA:351,35,0,0
BRDA:351,35,1,1
BRDA:352,36,0,0
BRDA:352,36,1,1
BRDA:363,37,0,0
BRDA:363,37,1,0
BRDA:371,38,0,0
BRDA:371,38,1,2
BRDA:376,39,0,0
BRDA:376,39,1,2
BRDA:377,40,0,0
BRDA:377,40,1,2
BRDA:381,41,0,0
BRDA:381,41,1,2
BRDA:389,42,0,2
BRDA:389,42,1,0
BRDA:394,43,0,0
BRDA:394,43,1,2
BRDA:396,44,0,0
BRDA:396,44,1,2
BRDA:424,45,0,0
BRDA:424,45,1,2
BRDA:463,46,0,0
BRDA:463,46,1,0
BRDA:471,47,0,0
BRDA:471,47,1,0
BRDA:473,48,0,0
BRDA:473,48,1,0
BRDA:473,49,0,0
BRDA:473,49,1,0
BRDA:477,50,0,0
BRDA:477,50,1,0
BRDA:477,51,0,0
BRDA:477,51,1,0
BRDA:483,52,0,0
BRDA:483,52,1,0
BRDA:496,53,0,0
BRDA:496,53,1,0
BRDA:509,54,0,0
BRDA:509,54,1,2
BRDA:514,55,0,0
BRDA:514,55,1,2
BRDA:515,56,0,1
BRDA:515,56,1,1
BRDA:516,57,0,1
BRDA:516,57,1,1
BRDA:517,58,0,0
BRDA:517,58,1,2
BRDA:530,59,0,0
BRDA:530,59,1,0
BRDA:530,60,0,0
BRDA:530,60,1,0
BRDA:534,61,0,0
BRDA:534,61,1,0
BRDA:534,62,0,0
BRDA:534,62,1,0
BRDA:536,63,0,0
BRDA:536,63,1,0
BRDA:544,64,0,0
BRDA:544,64,1,0
BRDA:544,65,0,0
BRDA:544,65,1,0
BRDA:544,65,2,0
BRDA:546,66,0,0
BRDA:546,66,1,0
BRDA:559,67,0,0
BRDA:559,67,1,0
BRDA:559,68,0,0
BRDA:559,68,1,0
BRDA:559,68,2,0
BRDA:561,69,0,0
BRDA:561,69,1,0
BRDA:562,70,0,0
BRDA:562,70,1,0
BRDA:562,70,2,0
BRDA:562,70,3,0
BRDA:564,71,0,0
BRDA:564,71,1,0
BRDA:568,72,0,0
BRDA:568,72,1,0
BRDA:580,73,0,0
BRDA:580,73,1,0
BRDA:580,74,0,0
BRDA:580,74,1,0
BRDA:582,75,0,0
BRDA:582,75,1,0
BRDA:595,76,0,0
BRDA:595,76,1,0
BRDA:608,77,0,0
BRDA:608,77,1,0
BRDA:630,78,0,0
BRDA:630,78,1,0
BRDA:630,79,0,0
BRDA:630,79,1,0
BRF:168
BRH:45
end_of_record
TN:
SF:src\services\settlement.ts
FN:21,(anonymous_1)
FN:52,(anonymous_2)
FN:66,(anonymous_3)
FN:81,(anonymous_4)
FN:92,(anonymous_5)
FN:100,(anonymous_6)
FN:120,(anonymous_7)
FN:138,(anonymous_8)
FNF:8
FNH:7
FNDA:6,(anonymous_1)
FNDA:3,(anonymous_2)
FNDA:2,(anonymous_3)
FNDA:5,(anonymous_4)
FNDA:0,(anonymous_5)
FNDA:5,(anonymous_6)
FNDA:8,(anonymous_7)
FNDA:13,(anonymous_8)
DA:2,2
DA:3,2
DA:5,2
DA:6,2
DA:7,2
DA:9,2
DA:10,2
DA:11,2
DA:13,2
DA:15,2
DA:22,6
DA:23,6
DA:25,6
DA:26,6
DA:27,0
DA:28,0
DA:29,0
DA:31,0
DA:32,0
DA:33,0
DA:34,0
DA:35,0
DA:36,0
DA:37,0
DA:41,0
DA:43,0
DA:44,0
DA:53,3
DA:54,3
DA:55,3
DA:57,0
DA:58,0
DA:59,0
DA:67,2
DA:68,2
DA:70,0
DA:71,0
DA:72,0
DA:74,0
DA:82,5
DA:83,5
DA:85,5
DA:86,5
DA:93,0
DA:94,0
DA:95,0
DA:96,0
DA:97,0
DA:101,5
DA:102,5
DA:103,0
DA:105,5
DA:107,5
DA:109,5
DA:111,5
DA:112,5
DA:114,5
DA:121,8
DA:122,1
DA:124,7
DA:125,1
DA:127,6
DA:128,2
DA:130,4
DA:131,1
DA:148,13
DA:164,13
DA:165,13
LF:68
LH:42
BRDA:13,0,0,2
BRDA:13,0,1,1
BRDA:26,1,0,6
BRDA:26,1,1,0
BRDA:28,2,0,0
BRDA:28,2,1,0
BRDA:29,3,0,0
BRDA:29,3,1,0
BRDA:32,4,0,0
BRDA:32,4,1,0
BRDA:32,5,0,0
BRDA:32,5,1,0
BRDA:32,5,2,0
BRDA:34,6,0,0
BRDA:34,6,1,0
BRDA:34,7,0,0
BRDA:34,7,1,0
BRDA:36,8,0,0
BRDA:36,8,1,0
BRDA:36,9,0,0
BRDA:36,9,1,0
BRDA:53,10,0,0
BRDA:53,10,1,3
BRDA:53,11,0,3
BRDA:53,11,1,3
BRDA:55,12,0,3
BRDA:55,12,1,0
BRDA:68,13,0,2
BRDA:68,13,1,0
BRDA:82,14,0,0
BRDA:82,14,1,5
BRDA:83,15,0,0
BRDA:83,15,1,5
BRDA:102,16,0,0
BRDA:102,16,1,5
BRDA:102,17,0,5
BRDA:102,17,1,0
BRDA:102,17,2,0
BRDA:105,18,0,0
BRDA:105,18,1,5
BRDA:105,19,0,5
BRDA:105,19,1,5
BRDA:121,20,0,1
BRDA:121,20,1,7
BRDA:124,21,0,1
BRDA:124,21,1,6
BRDA:124,22,0,7
BRDA:124,22,1,7
BRDA:124,22,2,7
BRDA:127,23,0,2
BRDA:127,23,1,4
BRDA:127,24,0,6
BRDA:127,24,1,5
BRDA:130,25,0,1
BRDA:130,25,1,3
BRDA:146,26,0,11
BRDA:151,27,0,13
BRDA:151,27,1,1
BRDA:152,28,0,13
BRDA:152,28,1,13
BRF:60
BRH:33
end_of_record
